2014-02-04 09:51:55 Error: [MissingConnectionException] Database connection "Mysql" is missing, or could not be created.
Exception Attributes: array (
  'class' => 'Mysql',
  'message' => 'SQLSTATE[HY000] [1045] Access denied for user \'georgi\'@\'localhost\' (using password: YES)',
  'enabled' => true,
)
Request URL: /
Stack Trace:
#0 D:\xampp\htdocs\lib\Cake\Model\Datasource\DboSource.php(260): Mysql->connect()
#1 D:\xampp\htdocs\lib\Cake\Model\ConnectionManager.php(105): DboSource->__construct(Array)
#2 D:\xampp\htdocs\lib\Cake\Model\Model.php(3476): ConnectionManager::getDataSource('default')
#3 D:\xampp\htdocs\lib\Cake\Model\Model.php(1126): Model->setDataSource('default')
#4 D:\xampp\htdocs\lib\Cake\Model\Model.php(3498): Model->setSource('products')
#5 D:\xampp\htdocs\lib\Cake\Model\Model.php(2902): Model->getDataSource()
#6 D:\xampp\htdocs\lib\Cake\Model\Model.php(2874): Model->_readDataSource('all', Array)
#7 D:\xampp\htdocs\app\Controller\ProductsController.php(33): Model->find('all', Array)
#8 [internal function]: ProductsController->index()
#9 D:\xampp\htdocs\lib\Cake\Controller\Controller.php(490): ReflectionMethod->invokeArgs(Object(ProductsController), Array)
#10 D:\xampp\htdocs\lib\Cake\Routing\Dispatcher.php(185): Controller->invokeAction(Object(CakeRequest))
#11 D:\xampp\htdocs\lib\Cake\Routing\Dispatcher.php(160): Dispatcher->_invoke(Object(ProductsController), Object(CakeRequest), Object(CakeResponse))
#12 D:\xampp\htdocs\app\webroot\index.php(110): Dispatcher->dispatch(Object(CakeRequest), Object(CakeResponse))
#13 {main}
2014-02-04 09:51:58 Error: [MissingControllerException] Controller class CssController could not be found.
Exception Attributes: array (
  'class' => 'CssController',
  'plugin' => NULL,
)
Request URL: /css/cake.generic.css
Stack Trace:
#0 D:\xampp\htdocs\app\webroot\index.php(110): Dispatcher->dispatch(Object(CakeRequest), Object(CakeResponse))
#1 {main}
2014-02-04 09:53:44 Error: [MissingConnectionException] Database connection "Mysql" is missing, or could not be created.
Exception Attributes: array (
  'class' => 'Mysql',
  'message' => 'SQLSTATE[HY000] [1045] Access denied for user \'georgi\'@\'localhost\' (using password: YES)',
  'enabled' => true,
)
Request URL: /
Stack Trace:
#0 D:\xampp\htdocs\lib\Cake\Model\Datasource\DboSource.php(260): Mysql->connect()
#1 D:\xampp\htdocs\lib\Cake\Model\ConnectionManager.php(105): DboSource->__construct(Array)
#2 D:\xampp\htdocs\lib\Cake\Model\Model.php(3476): ConnectionManager::getDataSource('default')
#3 D:\xampp\htdocs\lib\Cake\Model\Model.php(1126): Model->setDataSource('default')
#4 D:\xampp\htdocs\lib\Cake\Model\Model.php(3498): Model->setSource('products')
#5 D:\xampp\htdocs\lib\Cake\Model\Model.php(2902): Model->getDataSource()
#6 D:\xampp\htdocs\lib\Cake\Model\Model.php(2874): Model->_readDataSource('all', Array)
#7 D:\xampp\htdocs\app\Controller\ProductsController.php(33): Model->find('all', Array)
#8 [internal function]: ProductsController->index()
#9 D:\xampp\htdocs\lib\Cake\Controller\Controller.php(490): ReflectionMethod->invokeArgs(Object(ProductsController), Array)
#10 D:\xampp\htdocs\lib\Cake\Routing\Dispatcher.php(185): Controller->invokeAction(Object(CakeRequest))
#11 D:\xampp\htdocs\lib\Cake\Routing\Dispatcher.php(160): Dispatcher->_invoke(Object(ProductsController), Object(CakeRequest), Object(CakeResponse))
#12 D:\xampp\htdocs\app\webroot\index.php(110): Dispatcher->dispatch(Object(CakeRequest), Object(CakeResponse))
#13 {main}
2014-02-04 09:53:46 Error: [MissingControllerException] Controller class CssController could not be found.
Exception Attributes: array (
  'class' => 'CssController',
  'plugin' => NULL,
)
Request URL: /css/cake.generic.css
Stack Trace:
#0 D:\xampp\htdocs\app\webroot\index.php(110): Dispatcher->dispatch(Object(CakeRequest), Object(CakeResponse))
#1 {main}
2014-02-04 09:53:59 Error: [MissingConnectionException] Database connection "Mysql" is missing, or could not be created.
Exception Attributes: array (
  'class' => 'Mysql',
  'message' => 'SQLSTATE[HY000] [1045] Access denied for user \'georgi\'@\'localhost\' (using password: YES)',
  'enabled' => true,
)
Request URL: /
Stack Trace:
#0 D:\xampp\htdocs\lib\Cake\Model\Datasource\DboSource.php(260): Mysql->connect()
#1 D:\xampp\htdocs\lib\Cake\Model\ConnectionManager.php(105): DboSource->__construct(Array)
#2 D:\xampp\htdocs\lib\Cake\Model\Model.php(3476): ConnectionManager::getDataSource('default')
#3 D:\xampp\htdocs\lib\Cake\Model\Model.php(1126): Model->setDataSource('default')
#4 D:\xampp\htdocs\lib\Cake\Model\Model.php(3498): Model->setSource('products')
#5 D:\xampp\htdocs\lib\Cake\Model\Model.php(2902): Model->getDataSource()
#6 D:\xampp\htdocs\lib\Cake\Model\Model.php(2874): Model->_readDataSource('all', Array)
#7 D:\xampp\htdocs\app\Controller\ProductsController.php(33): Model->find('all', Array)
#8 [internal function]: ProductsController->index()
#9 D:\xampp\htdocs\lib\Cake\Controller\Controller.php(490): ReflectionMethod->invokeArgs(Object(ProductsController), Array)
#10 D:\xampp\htdocs\lib\Cake\Routing\Dispatcher.php(185): Controller->invokeAction(Object(CakeRequest))
#11 D:\xampp\htdocs\lib\Cake\Routing\Dispatcher.php(160): Dispatcher->_invoke(Object(ProductsController), Object(CakeRequest), Object(CakeResponse))
#12 D:\xampp\htdocs\app\webroot\index.php(110): Dispatcher->dispatch(Object(CakeRequest), Object(CakeResponse))
#13 {main}
2014-02-04 09:54:01 Error: [MissingControllerException] Controller class CssController could not be found.
Exception Attributes: array (
  'class' => 'CssController',
  'plugin' => NULL,
)
Request URL: /css/cake.generic.css
Stack Trace:
#0 D:\xampp\htdocs\app\webroot\index.php(110): Dispatcher->dispatch(Object(CakeRequest), Object(CakeResponse))
#1 {main}
2014-02-04 09:55:01 Error: [MissingConnectionException] Database connection "Mysql" is missing, or could not be created.
Exception Attributes: array (
  'class' => 'Mysql',
  'message' => 'SQLSTATE[HY000] [1045] Access denied for user \'georgi\'@\'localhost\' (using password: YES)',
  'enabled' => true,
)
Request URL: /
Stack Trace:
#0 D:\xampp\htdocs\lib\Cake\Model\Datasource\DboSource.php(260): Mysql->connect()
#1 D:\xampp\htdocs\lib\Cake\Model\ConnectionManager.php(105): DboSource->__construct(Array)
#2 D:\xampp\htdocs\lib\Cake\Model\Model.php(3476): ConnectionManager::getDataSource('default')
#3 D:\xampp\htdocs\lib\Cake\Model\Model.php(1126): Model->setDataSource('default')
#4 D:\xampp\htdocs\lib\Cake\Model\Model.php(3498): Model->setSource('products')
#5 D:\xampp\htdocs\lib\Cake\Model\Model.php(2902): Model->getDataSource()
#6 D:\xampp\htdocs\lib\Cake\Model\Model.php(2874): Model->_readDataSource('all', Array)
#7 D:\xampp\htdocs\app\Controller\ProductsController.php(33): Model->find('all', Array)
#8 [internal function]: ProductsController->index()
#9 D:\xampp\htdocs\lib\Cake\Controller\Controller.php(490): ReflectionMethod->invokeArgs(Object(ProductsController), Array)
#10 D:\xampp\htdocs\lib\Cake\Routing\Dispatcher.php(185): Controller->invokeAction(Object(CakeRequest))
#11 D:\xampp\htdocs\lib\Cake\Routing\Dispatcher.php(160): Dispatcher->_invoke(Object(ProductsController), Object(CakeRequest), Object(CakeResponse))
#12 D:\xampp\htdocs\app\webroot\index.php(110): Dispatcher->dispatch(Object(CakeRequest), Object(CakeResponse))
#13 {main}
2014-02-04 09:55:03 Error: [MissingControllerException] Controller class CssController could not be found.
Exception Attributes: array (
  'class' => 'CssController',
  'plugin' => NULL,
)
Request URL: /css/cake.generic.css
Stack Trace:
#0 D:\xampp\htdocs\app\webroot\index.php(110): Dispatcher->dispatch(Object(CakeRequest), Object(CakeResponse))
#1 {main}
2014-02-17 07:50:54 Error: [MissingActionException] Action ProductsController::admin_tag() could not be found.
Exception Attributes: array (
  'controller' => 'ProductsController',
  'action' => 'admin_tag',
)
Request URL: /Shop/admin/products/tag/3
Stack Trace:
#0 D:\xampp\htdocs\Shop\lib\Cake\Routing\Dispatcher.php(185): Controller->invokeAction(Object(CakeRequest))
#1 D:\xampp\htdocs\Shop\lib\Cake\Routing\Dispatcher.php(160): Dispatcher->_invoke(Object(ProductsController), Object(CakeRequest), Object(CakeResponse))
#2 D:\xampp\htdocs\Shop\app\webroot\index.php(110): Dispatcher->dispatch(Object(CakeRequest), Object(CakeResponse))
#3 {main}
2014-02-17 07:50:59 Error: [MissingActionException] Action ProductsController::admin_tag() could not be found.
Exception Attributes: array (
  'controller' => 'ProductsController',
  'action' => 'admin_tag',
)
Request URL: /Shop/admin/products/tag/3
Stack Trace:
#0 D:\xampp\htdocs\Shop\lib\Cake\Routing\Dispatcher.php(185): Controller->invokeAction(Object(CakeRequest))
#1 D:\xampp\htdocs\Shop\lib\Cake\Routing\Dispatcher.php(160): Dispatcher->_invoke(Object(ProductsController), Object(CakeRequest), Object(CakeResponse))
#2 D:\xampp\htdocs\Shop\app\webroot\index.php(110): Dispatcher->dispatch(Object(CakeRequest), Object(CakeResponse))
#3 {main}
2014-02-17 07:51:01 Error: [MissingActionException] Action ProductsController::admin_tag() could not be found.
Exception Attributes: array (
  'controller' => 'ProductsController',
  'action' => 'admin_tag',
)
Request URL: /Shop/admin/products/tag/3
Stack Trace:
#0 D:\xampp\htdocs\Shop\lib\Cake\Routing\Dispatcher.php(185): Controller->invokeAction(Object(CakeRequest))
#1 D:\xampp\htdocs\Shop\lib\Cake\Routing\Dispatcher.php(160): Dispatcher->_invoke(Object(ProductsController), Object(CakeRequest), Object(CakeResponse))
#2 D:\xampp\htdocs\Shop\app\webroot\index.php(110): Dispatcher->dispatch(Object(CakeRequest), Object(CakeResponse))
#3 {main}
2014-02-17 07:51:10 Error: [MissingActionException] Action ProductsController::admin_tag() could not be found.
Exception Attributes: array (
  'controller' => 'ProductsController',
  'action' => 'admin_tag',
)
Request URL: /Shop/admin/products/tag/3
Stack Trace:
#0 D:\xampp\htdocs\Shop\lib\Cake\Routing\Dispatcher.php(185): Controller->invokeAction(Object(CakeRequest))
#1 D:\xampp\htdocs\Shop\lib\Cake\Routing\Dispatcher.php(160): Dispatcher->_invoke(Object(ProductsController), Object(CakeRequest), Object(CakeResponse))
#2 D:\xampp\htdocs\Shop\app\webroot\index.php(110): Dispatcher->dispatch(Object(CakeRequest), Object(CakeResponse))
#3 {main}
2014-02-17 07:51:11 Error: [MissingActionException] Action ProductsController::admin_tag() could not be found.
Exception Attributes: array (
  'controller' => 'ProductsController',
  'action' => 'admin_tag',
)
Request URL: /Shop/admin/products/tag/3
Stack Trace:
#0 D:\xampp\htdocs\Shop\lib\Cake\Routing\Dispatcher.php(185): Controller->invokeAction(Object(CakeRequest))
#1 D:\xampp\htdocs\Shop\lib\Cake\Routing\Dispatcher.php(160): Dispatcher->_invoke(Object(ProductsController), Object(CakeRequest), Object(CakeResponse))
#2 D:\xampp\htdocs\Shop\app\webroot\index.php(110): Dispatcher->dispatch(Object(CakeRequest), Object(CakeResponse))
#3 {main}
2014-02-17 07:51:13 Error: [MissingActionException] Action ProductsController::admin_tag() could not be found.
Exception Attributes: array (
  'controller' => 'ProductsController',
  'action' => 'admin_tag',
)
Request URL: /Shop/admin/products/tag/3
Stack Trace:
#0 D:\xampp\htdocs\Shop\lib\Cake\Routing\Dispatcher.php(185): Controller->invokeAction(Object(CakeRequest))
#1 D:\xampp\htdocs\Shop\lib\Cake\Routing\Dispatcher.php(160): Dispatcher->_invoke(Object(ProductsController), Object(CakeRequest), Object(CakeResponse))
#2 D:\xampp\htdocs\Shop\app\webroot\index.php(110): Dispatcher->dispatch(Object(CakeRequest), Object(CakeResponse))
#3 {main}
2014-02-17 07:51:29 Error: [MissingActionException] Action ProductsController::admin_tag() could not be found.
Exception Attributes: array (
  'controller' => 'ProductsController',
  'action' => 'admin_tag',
)
Request URL: /Shop/admin/products/tag/3
Stack Trace:
#0 D:\xampp\htdocs\Shop\lib\Cake\Routing\Dispatcher.php(185): Controller->invokeAction(Object(CakeRequest))
#1 D:\xampp\htdocs\Shop\lib\Cake\Routing\Dispatcher.php(160): Dispatcher->_invoke(Object(ProductsController), Object(CakeRequest), Object(CakeResponse))
#2 D:\xampp\htdocs\Shop\app\webroot\index.php(110): Dispatcher->dispatch(Object(CakeRequest), Object(CakeResponse))
#3 {main}
2014-02-17 08:08:13 Error: Fatal Error (4): syntax error, unexpected 'endif' (T_ENDIF) in [D:\xampp\htdocs\Shop\app\View\Shop\review.ctp, line 84]
2014-02-17 08:08:13 Error: [FatalErrorException] syntax error, unexpected 'endif' (T_ENDIF)
Request URL: /Shop/shop/review
Stack Trace:
#0 D:\xampp\htdocs\Shop\lib\Cake\Error\ErrorHandler.php(203): ErrorHandler::handleFatalError(4, 'syntax error, u...', 'D:\xampp\htdocs...', 84)
#1 [internal function]: ErrorHandler::handleError(4, 'syntax error, u...', 'D:\xampp\htdocs...', 84, Array)
#2 D:\xampp\htdocs\Shop\lib\Cake\Core\App.php(929): call_user_func('ErrorHandler::h...', 4, 'syntax error, u...', 'D:\xampp\htdocs...', 84, Array)
#3 D:\xampp\htdocs\Shop\lib\Cake\Core\App.php(902): App::_checkFatalError()
#4 [internal function]: App::shutdown()
#5 {main}
2014-02-17 08:16:06 Error: [MissingComponentException] Component class PaypalComponent could not be found.
Exception Attributes: array (
  'class' => 'PaypalComponent',
  'plugin' => false,
)
Request URL: /Shop/shop/review
Stack Trace:
#0 D:\xampp\htdocs\Shop\lib\Cake\Controller\ComponentCollection.php(53): ComponentCollection->load('Paypal', Array)
#1 D:\xampp\htdocs\Shop\lib\Cake\Controller\Controller.php(643): ComponentCollection->init(Object(ShopController))
#2 D:\xampp\htdocs\Shop\lib\Cake\Routing\Dispatcher.php(181): Controller->constructClasses()
#3 D:\xampp\htdocs\Shop\lib\Cake\Routing\Dispatcher.php(160): Dispatcher->_invoke(Object(ShopController), Object(CakeRequest), Object(CakeResponse))
#4 D:\xampp\htdocs\Shop\app\webroot\index.php(110): Dispatcher->dispatch(Object(CakeRequest), Object(CakeResponse))
#5 {main}
